<?xml version="1.0" encoding="UTF-8"?>
<testng-results skipped="0" failed="0" total="1" passed="1">
  <reporter-output>
  </reporter-output>
  <suite name="Default suite" duration-ms="12694" started-at="2019-03-20T18:45:51Z" finished-at="2019-03-20T18:46:03Z">
    <groups>
    </groups>
    <test name="Default test" duration-ms="12694" started-at="2019-03-20T18:45:51Z" finished-at="2019-03-20T18:46:03Z">
      <class name="Com.Durgasoft.HMS.TestCase001">
        <test-method status="PASS" signature="beforeTest()[pri:0, instance:Com.Durgasoft.HMS.TestCase001@50c87b21]" name="beforeTest" is-config="true" duration-ms="12648" started-at="2019-03-21T00:15:51Z" finished-at="2019-03-21T00:16:03Z">
          <reporter-output>
          </reporter-output>
        </test-method> <!-- beforeTest -->
        <test-method status="PASS" signature="f()[pri:0, instance:Com.Durgasoft.HMS.TestCase001@50c87b21]" name="f" duration-ms="17" started-at="2019-03-21T00:16:03Z" finished-at="2019-03-21T00:16:03Z">
          <reporter-output>
          </reporter-output>
        </test-method> <!-- f -->
      </class> <!-- Com.Durgasoft.HMS.TestCase001 -->
    </test> <!-- Default test -->
  </suite> <!-- Default suite -->
</testng-results>
